  GameScene.cpp
c:\users\sakoe\onedrive\바탕 화면\new catch mind\catch mind\catch mind\gamescene.cpp(14): warning C4244: '=': 'float'에서 'LONG'(으)로 변환하면서 데이터가 손실될 수 있습니다.
c:\users\sakoe\onedrive\바탕 화면\new catch mind\catch mind\catch mind\gamescene.cpp(15): warning C4244: '=': 'float'에서 'LONG'(으)로 변환하면서 데이터가 손실될 수 있습니다.
c:\users\sakoe\onedrive\바탕 화면\new catch mind\catch mind\catch mind\gamescene.cpp(16): warning C4244: '=': 'float'에서 'LONG'(으)로 변환하면서 데이터가 손실될 수 있습니다.
c:\users\sakoe\onedrive\바탕 화면\new catch mind\catch mind\catch mind\gamescene.cpp(17): warning C4244: '=': 'float'에서 'LONG'(으)로 변환하면서 데이터가 손실될 수 있습니다.
c:\users\sakoe\onedrive\바탕 화면\new catch mind\catch mind\catch mind\gamescene.cpp(19): warning C4244: '=': 'float'에서 'LONG'(으)로 변환하면서 데이터가 손실될 수 있습니다.
c:\users\sakoe\onedrive\바탕 화면\new catch mind\catch mind\catch mind\gamescene.cpp(20): warning C4244: '=': 'float'에서 'LONG'(으)로 변환하면서 데이터가 손실될 수 있습니다.
c:\users\sakoe\onedrive\바탕 화면\new catch mind\catch mind\catch mind\gamescene.cpp(21): warning C4244: '=': 'float'에서 'LONG'(으)로 변환하면서 데이터가 손실될 수 있습니다.
c:\users\sakoe\onedrive\바탕 화면\new catch mind\catch mind\catch mind\gamescene.cpp(22): warning C4244: '=': 'float'에서 'LONG'(으)로 변환하면서 데이터가 손실될 수 있습니다.
c:\users\sakoe\onedrive\바탕 화면\new catch mind\catch mind\catch mind\gamescene.cpp(24): warning C4244: '=': 'float'에서 'LONG'(으)로 변환하면서 데이터가 손실될 수 있습니다.
c:\users\sakoe\onedrive\바탕 화면\new catch mind\catch mind\catch mind\gamescene.cpp(25): warning C4244: '=': 'float'에서 'LONG'(으)로 변환하면서 데이터가 손실될 수 있습니다.
c:\users\sakoe\onedrive\바탕 화면\new catch mind\catch mind\catch mind\gamescene.cpp(26): warning C4244: '=': 'float'에서 'LONG'(으)로 변환하면서 데이터가 손실될 수 있습니다.
c:\users\sakoe\onedrive\바탕 화면\new catch mind\catch mind\catch mind\gamescene.cpp(27): warning C4244: '=': 'float'에서 'LONG'(으)로 변환하면서 데이터가 손실될 수 있습니다.
c:\users\sakoe\onedrive\바탕 화면\new catch mind\catch mind\catch mind\gamescene.cpp(29): warning C4244: '=': 'float'에서 'LONG'(으)로 변환하면서 데이터가 손실될 수 있습니다.
c:\users\sakoe\onedrive\바탕 화면\new catch mind\catch mind\catch mind\gamescene.cpp(30): warning C4244: '=': 'float'에서 'LONG'(으)로 변환하면서 데이터가 손실될 수 있습니다.
c:\users\sakoe\onedrive\바탕 화면\new catch mind\catch mind\catch mind\gamescene.cpp(31): warning C4244: '=': 'float'에서 'LONG'(으)로 변환하면서 데이터가 손실될 수 있습니다.
c:\users\sakoe\onedrive\바탕 화면\new catch mind\catch mind\catch mind\gamescene.cpp(32): warning C4244: '=': 'float'에서 'LONG'(으)로 변환하면서 데이터가 손실될 수 있습니다.
c:\users\sakoe\onedrive\바탕 화면\new catch mind\catch mind\catch mind\gamescene.cpp(34): warning C4244: '=': 'float'에서 'LONG'(으)로 변환하면서 데이터가 손실될 수 있습니다.
c:\users\sakoe\onedrive\바탕 화면\new catch mind\catch mind\catch mind\gamescene.cpp(35): warning C4244: '=': 'float'에서 'LONG'(으)로 변환하면서 데이터가 손실될 수 있습니다.
c:\users\sakoe\onedrive\바탕 화면\new catch mind\catch mind\catch mind\gamescene.cpp(36): warning C4244: '=': 'float'에서 'LONG'(으)로 변환하면서 데이터가 손실될 수 있습니다.
c:\users\sakoe\onedrive\바탕 화면\new catch mind\catch mind\catch mind\gamescene.cpp(37): warning C4244: '=': 'float'에서 'LONG'(으)로 변환하면서 데이터가 손실될 수 있습니다.
c:\users\sakoe\onedrive\바탕 화면\new catch mind\catch mind\catch mind\gamescene.cpp(43): warning C4244: '=': 'float'에서 'LONG'(으)로 변환하면서 데이터가 손실될 수 있습니다.
c:\users\sakoe\onedrive\바탕 화면\new catch mind\catch mind\catch mind\gamescene.cpp(44): warning C4244: '=': 'float'에서 'LONG'(으)로 변환하면서 데이터가 손실될 수 있습니다.
c:\users\sakoe\onedrive\바탕 화면\new catch mind\catch mind\catch mind\gamescene.cpp(45): warning C4244: '=': 'float'에서 'LONG'(으)로 변환하면서 데이터가 손실될 수 있습니다.
c:\users\sakoe\onedrive\바탕 화면\new catch mind\catch mind\catch mind\gamescene.cpp(46): warning C4244: '=': 'float'에서 'LONG'(으)로 변환하면서 데이터가 손실될 수 있습니다.
c:\users\sakoe\onedrive\바탕 화면\new catch mind\catch mind\catch mind\gamescene.cpp(53): warning C4244: '인수': 'float'에서 'int'(으)로 변환하면서 데이터가 손실될 수 있습니다.
c:\users\sakoe\onedrive\바탕 화면\new catch mind\catch mind\catch mind\gamescene.cpp(188): warning C4244: '인수': 'float'에서 'int'(으)로 변환하면서 데이터가 손실될 수 있습니다.
c:\users\sakoe\onedrive\바탕 화면\new catch mind\catch mind\catch mind\gamescene.cpp(198): warning C4244: '인수': 'float'에서 'int'(으)로 변환하면서 데이터가 손실될 수 있습니다.
c:\users\sakoe\onedrive\바탕 화면\new catch mind\catch mind\catch mind\gamescene.cpp(215): warning C4244: '=': 'float'에서 'LONG'(으)로 변환하면서 데이터가 손실될 수 있습니다.
c:\users\sakoe\onedrive\바탕 화면\new catch mind\catch mind\catch mind\gamescene.cpp(216): warning C4244: '=': 'float'에서 'LONG'(으)로 변환하면서 데이터가 손실될 수 있습니다.
c:\users\sakoe\onedrive\바탕 화면\new catch mind\catch mind\catch mind\gamescene.cpp(217): warning C4244: '=': 'float'에서 'LONG'(으)로 변환하면서 데이터가 손실될 수 있습니다.
c:\users\sakoe\onedrive\바탕 화면\new catch mind\catch mind\catch mind\gamescene.cpp(218): warning C4244: '=': 'float'에서 'LONG'(으)로 변환하면서 데이터가 손실될 수 있습니다.
c:\users\sakoe\onedrive\바탕 화면\new catch mind\catch mind\catch mind\gamescene.cpp(220): warning C4244: '인수': 'float'에서 'int'(으)로 변환하면서 데이터가 손실될 수 있습니다.
c:\users\sakoe\onedrive\바탕 화면\new catch mind\catch mind\catch mind\gamescene.cpp(284): warning C4996: 'strcpy': This function or variable may be unsafe. Consider using strcpy_s instead. To disable deprecation, use _CRT_SECURE_NO_WARNINGS. See online help for details.
  c:\program files (x86)\windows kits\10\include\10.0.17763.0\ucrt\string.h(133): note: 'strcpy' 선언을 참조하십시오.
  Catch Mind.vcxproj -> C:\Users\sakoe\OneDrive\바탕 화면\New Catch Mind\Catch Mind\Debug\Catch Mind.exe
