  GameManager.cpp
c:\users\sakoe\desktop\suchanpark\mazegame\mazegame\interface.h(18): warning C4838: 'int'에서 'SHORT'(으)로의 변환에는 축소 변환이 필요합니다.
c:\users\sakoe\desktop\suchanpark\mazegame\mazegame\gamemanager.cpp(3): warning C4356: 'Singleton<GameManager>::m_Instance': 정적 데이터 멤버는 파생 클래스를 통해 초기화할 수 없습니다.
c:\users\sakoe\desktop\suchanpark\mazegame\mazegame\gamemanager.cpp(8): warning C4996: 'sprintf': This function or variable may be unsafe. Consider using sprintf_s instead. To disable deprecation, use _CRT_SECURE_NO_WARNINGS. See online help for details.
  c:\program files (x86)\windows kits\10\include\10.0.17763.0\ucrt\stdio.h(1774): note: 'sprintf' 선언을 참조하십시오.
c:\users\sakoe\desktop\suchanpark\mazegame\mazegame\gamemanager.cpp(90): warning C4244: '인수': 'float'에서 'int'(으)로 변환하면서 데이터가 손실될 수 있습니다.
c:\users\sakoe\desktop\suchanpark\mazegame\mazegame\gamemanager.cpp(91): warning C4244: '인수': 'float'에서 'int'(으)로 변환하면서 데이터가 손실될 수 있습니다.
c:\users\sakoe\desktop\suchanpark\mazegame\mazegame\gamemanager.cpp(93): warning C4244: '인수': 'float'에서 'int'(으)로 변환하면서 데이터가 손실될 수 있습니다.
c:\users\sakoe\desktop\suchanpark\mazegame\mazegame\gamemanager.cpp(130): warning C4244: '인수': 'float'에서 'int'(으)로 변환하면서 데이터가 손실될 수 있습니다.
c:\users\sakoe\desktop\suchanpark\mazegame\mazegame\gamemanager.cpp(146): warning C4996: 'sprintf': This function or variable may be unsafe. Consider using sprintf_s instead. To disable deprecation, use _CRT_SECURE_NO_WARNINGS. See online help for details.
  c:\program files (x86)\windows kits\10\include\10.0.17763.0\ucrt\stdio.h(1774): note: 'sprintf' 선언을 참조하십시오.
  Monster.cpp
c:\users\sakoe\desktop\suchanpark\mazegame\mazegame\interface.h(18): warning C4838: 'int'에서 'SHORT'(으)로의 변환에는 축소 변환이 필요합니다.
  Player.cpp
c:\users\sakoe\desktop\suchanpark\mazegame\mazegame\interface.h(18): warning C4838: 'int'에서 'SHORT'(으)로의 변환에는 축소 변환이 필요합니다.
c:\users\sakoe\desktop\suchanpark\mazegame\mazegame\player.cpp(18): warning C4996: 'kbhit': The POSIX name for this item is deprecated. Instead, use the ISO C and C++ conformant name: _kbhit. See online help for details.
  c:\program files (x86)\windows kits\10\include\10.0.17763.0\ucrt\conio.h(459): note: 'kbhit' 선언을 참조하십시오.
c:\users\sakoe\desktop\suchanpark\mazegame\mazegame\player.cpp(20): warning C4996: 'getch': The POSIX name for this item is deprecated. Instead, use the ISO C and C++ conformant name: _getch. See online help for details.
  c:\program files (x86)\windows kits\10\include\10.0.17763.0\ucrt\conio.h(453): note: 'getch' 선언을 참조하십시오.
c:\users\sakoe\desktop\suchanpark\mazegame\mazegame\player.cpp(111): warning C4267: '인수': 'size_t'에서 'int'(으)로 변환하면서 데이터가 손실될 수 있습니다.
c:\users\sakoe\desktop\suchanpark\mazegame\mazegame\player.cpp(108): warning C4996: 'getch': The POSIX name for this item is deprecated. Instead, use the ISO C and C++ conformant name: _getch. See online help for details.
  c:\program files (x86)\windows kits\10\include\10.0.17763.0\ucrt\conio.h(453): note: 'getch' 선언을 참조하십시오.
  코드를 생성하고 있습니다...
c:\users\sakoe\desktop\suchanpark\mazegame\mazegame\gamemanager.cpp(83): warning C4715: 'GameManager::ObjectPos': 모든 제어 경로에서 값을 반환하지는 않습니다.
  MazeGame.vcxproj -> C:\Users\sakoe\Desktop\SuChanPark\MazeGame\x64\Debug\MazeGame.exe
