  MapDraw.cpp
c:\users\sakoe\desktop\강의자료\c++_6_오목_파일입출력_오목(replay)\오목(replay)정답\consoleapplication1\mapdraw.h(19): warning C4838: 'int'에서 'SHORT'(으)로의 변환에는 축소 변환이 필요합니다.
c:\users\sakoe\desktop\강의자료\c++_6_오목_파일입출력_오목(replay)\오목(replay)정답\consoleapplication1\mapdraw.cpp(57): warning C4018: '>': signed 또는 unsigned가 일치하지 않습니다.
  Player.cpp
  PlayManager.cpp
c:\users\sakoe\desktop\강의자료\c++_6_오목_파일입출력_오목(replay)\오목(replay)정답\consoleapplication1\mapdraw.h(19): warning C4838: 'int'에서 'SHORT'(으)로의 변환에는 축소 변환이 필요합니다.
c:\users\sakoe\desktop\강의자료\c++_6_오목_파일입출력_오목(replay)\오목(replay)정답\consoleapplication1\playmanager.cpp(31): warning C4244: '인수': 'double'에서 'int'(으)로 변환하면서 데이터가 손실될 수 있습니다.
c:\users\sakoe\desktop\강의자료\c++_6_오목_파일입출력_오목(replay)\오목(replay)정답\consoleapplication1\playmanager.cpp(32): warning C4244: '인수': 'double'에서 'int'(으)로 변환하면서 데이터가 손실될 수 있습니다.
c:\users\sakoe\desktop\강의자료\c++_6_오목_파일입출력_오목(replay)\오목(replay)정답\consoleapplication1\playmanager.cpp(33): warning C4244: '인수': 'double'에서 'int'(으)로 변환하면서 데이터가 손실될 수 있습니다.
c:\users\sakoe\desktop\강의자료\c++_6_오목_파일입출력_오목(replay)\오목(replay)정답\consoleapplication1\playmanager.cpp(34): warning C4244: '인수': 'double'에서 'int'(으)로 변환하면서 데이터가 손실될 수 있습니다.
c:\users\sakoe\desktop\강의자료\c++_6_오목_파일입출력_오목(replay)\오목(replay)정답\consoleapplication1\playmanager.cpp(35): warning C4244: '인수': 'double'에서 'int'(으)로 변환하면서 데이터가 손실될 수 있습니다.
c:\users\sakoe\desktop\강의자료\c++_6_오목_파일입출력_오목(replay)\오목(replay)정답\consoleapplication1\playmanager.cpp(36): warning C4244: '인수': 'double'에서 'int'(으)로 변환하면서 데이터가 손실될 수 있습니다.
c:\users\sakoe\desktop\강의자료\c++_6_오목_파일입출력_오목(replay)\오목(replay)정답\consoleapplication1\playmanager.cpp(37): warning C4244: '인수': 'double'에서 'int'(으)로 변환하면서 데이터가 손실될 수 있습니다.
c:\users\sakoe\desktop\강의자료\c++_6_오목_파일입출력_오목(replay)\오목(replay)정답\consoleapplication1\playmanager.cpp(50): warning C4244: '인수': 'double'에서 'int'(으)로 변환하면서 데이터가 손실될 수 있습니다.
c:\users\sakoe\desktop\강의자료\c++_6_오목_파일입출력_오목(replay)\오목(replay)정답\consoleapplication1\playmanager.cpp(51): warning C4244: '인수': 'double'에서 'int'(으)로 변환하면서 데이터가 손실될 수 있습니다.
c:\users\sakoe\desktop\강의자료\c++_6_오목_파일입출력_오목(replay)\오목(replay)정답\consoleapplication1\playmanager.cpp(53): warning C4244: '인수': 'double'에서 'int'(으)로 변환하면서 데이터가 손실될 수 있습니다.
c:\users\sakoe\desktop\강의자료\c++_6_오목_파일입출력_오목(replay)\오목(replay)정답\consoleapplication1\playmanager.cpp(59): warning C4244: '인수': 'double'에서 'int'(으)로 변환하면서 데이터가 손실될 수 있습니다.
c:\users\sakoe\desktop\강의자료\c++_6_오목_파일입출력_오목(replay)\오목(replay)정답\consoleapplication1\playmanager.cpp(60): warning C4244: '인수': 'double'에서 'int'(으)로 변환하면서 데이터가 손실될 수 있습니다.
c:\users\sakoe\desktop\강의자료\c++_6_오목_파일입출력_오목(replay)\오목(replay)정답\consoleapplication1\playmanager.cpp(71): warning C4244: '인수': 'double'에서 'int'(으)로 변환하면서 데이터가 손실될 수 있습니다.
c:\users\sakoe\desktop\강의자료\c++_6_오목_파일입출력_오목(replay)\오목(replay)정답\consoleapplication1\playmanager.cpp(72): warning C4244: '인수': 'double'에서 'int'(으)로 변환하면서 데이터가 손실될 수 있습니다.
c:\users\sakoe\desktop\강의자료\c++_6_오목_파일입출력_오목(replay)\오목(replay)정답\consoleapplication1\playmanager.cpp(78): warning C4244: '인수': 'double'에서 'int'(으)로 변환하면서 데이터가 손실될 수 있습니다.
c:\users\sakoe\desktop\강의자료\c++_6_오목_파일입출력_오목(replay)\오목(replay)정답\consoleapplication1\playmanager.cpp(79): warning C4244: '인수': 'double'에서 'int'(으)로 변환하면서 데이터가 손실될 수 있습니다.
c:\users\sakoe\desktop\강의자료\c++_6_오목_파일입출력_오목(replay)\오목(replay)정답\consoleapplication1\playmanager.cpp(80): warning C4244: '인수': 'double'에서 'int'(으)로 변환하면서 데이터가 손실될 수 있습니다.
c:\users\sakoe\desktop\강의자료\c++_6_오목_파일입출력_오목(replay)\오목(replay)정답\consoleapplication1\playmanager.cpp(81): warning C4244: '인수': 'double'에서 'int'(으)로 변환하면서 데이터가 손실될 수 있습니다.
c:\users\sakoe\desktop\강의자료\c++_6_오목_파일입출력_오목(replay)\오목(replay)정답\consoleapplication1\playmanager.cpp(106): warning C4244: '인수': 'double'에서 'int'(으)로 변환하면서 데이터가 손실될 수 있습니다.
c:\users\sakoe\desktop\강의자료\c++_6_오목_파일입출력_오목(replay)\오목(replay)정답\consoleapplication1\playmanager.cpp(108): warning C4244: '인수': 'double'에서 'int'(으)로 변환하면서 데이터가 손실될 수 있습니다.
c:\users\sakoe\desktop\강의자료\c++_6_오목_파일입출력_오목(replay)\오목(replay)정답\consoleapplication1\playmanager.cpp(112): warning C4244: '인수': 'double'에서 'int'(으)로 변환하면서 데이터가 손실될 수 있습니다.
c:\users\sakoe\desktop\강의자료\c++_6_오목_파일입출력_오목(replay)\오목(replay)정답\consoleapplication1\playmanager.cpp(119): warning C4244: '인수': 'double'에서 'int'(으)로 변환하면서 데이터가 손실될 수 있습니다.
c:\users\sakoe\desktop\강의자료\c++_6_오목_파일입출력_오목(replay)\오목(replay)정답\consoleapplication1\playmanager.cpp(120): warning C4244: '인수': 'double'에서 'int'(으)로 변환하면서 데이터가 손실될 수 있습니다.
c:\users\sakoe\desktop\강의자료\c++_6_오목_파일입출력_오목(replay)\오목(replay)정답\consoleapplication1\playmanager.cpp(121): warning C4244: '인수': 'double'에서 'int'(으)로 변환하면서 데이터가 손실될 수 있습니다.
c:\users\sakoe\desktop\강의자료\c++_6_오목_파일입출력_오목(replay)\오목(replay)정답\consoleapplication1\playmanager.cpp(122): warning C4244: '인수': 'double'에서 'int'(으)로 변환하면서 데이터가 손실될 수 있습니다.
c:\users\sakoe\desktop\강의자료\c++_6_오목_파일입출력_오목(replay)\오목(replay)정답\consoleapplication1\playmanager.cpp(147): warning C4244: '인수': 'double'에서 'int'(으)로 변환하면서 데이터가 손실될 수 있습니다.
c:\users\sakoe\desktop\강의자료\c++_6_오목_파일입출력_오목(replay)\오목(replay)정답\consoleapplication1\playmanager.cpp(148): warning C4244: '인수': 'double'에서 'int'(으)로 변환하면서 데이터가 손실될 수 있습니다.
c:\users\sakoe\desktop\강의자료\c++_6_오목_파일입출력_오목(replay)\오목(replay)정답\consoleapplication1\playmanager.cpp(149): warning C4244: '인수': 'double'에서 'int'(으)로 변환하면서 데이터가 손실될 수 있습니다.
c:\users\sakoe\desktop\강의자료\c++_6_오목_파일입출력_오목(replay)\오목(replay)정답\consoleapplication1\playmanager.cpp(150): warning C4244: '인수': 'double'에서 'int'(으)로 변환하면서 데이터가 손실될 수 있습니다.
c:\users\sakoe\desktop\강의자료\c++_6_오목_파일입출력_오목(replay)\오목(replay)정답\consoleapplication1\playmanager.cpp(151): warning C4244: '인수': 'double'에서 'int'(으)로 변환하면서 데이터가 손실될 수 있습니다.
c:\users\sakoe\desktop\강의자료\c++_6_오목_파일입출력_오목(replay)\오목(replay)정답\consoleapplication1\playmanager.cpp(156): warning C4244: '인수': 'double'에서 'int'(으)로 변환하면서 데이터가 손실될 수 있습니다.
c:\users\sakoe\desktop\강의자료\c++_6_오목_파일입출력_오목(replay)\오목(replay)정답\consoleapplication1\playmanager.cpp(169): warning C4244: '인수': 'double'에서 'int'(으)로 변환하면서 데이터가 손실될 수 있습니다.
c:\users\sakoe\desktop\강의자료\c++_6_오목_파일입출력_오목(replay)\오목(replay)정답\consoleapplication1\playmanager.cpp(170): warning C4244: '인수': 'double'에서 'int'(으)로 변환하면서 데이터가 손실될 수 있습니다.
c:\users\sakoe\desktop\강의자료\c++_6_오목_파일입출력_오목(replay)\오목(replay)정답\consoleapplication1\playmanager.cpp(64): warning C4996: 'sprintf': This function or variable may be unsafe. Consider using sprintf_s instead. To disable deprecation, use _CRT_SECURE_NO_WARNINGS. See online help for details.
  c:\program files (x86)\windows kits\10\include\10.0.17763.0\ucrt\stdio.h(1774): note: 'sprintf' 선언을 참조하십시오.
c:\users\sakoe\desktop\강의자료\c++_6_오목_파일입출력_오목(replay)\오목(replay)정답\consoleapplication1\playmanager.cpp(231): warning C4244: '인수': 'double'에서 'int'(으)로 변환하면서 데이터가 손실될 수 있습니다.
c:\users\sakoe\desktop\강의자료\c++_6_오목_파일입출력_오목(replay)\오목(replay)정답\consoleapplication1\playmanager.cpp(233): warning C4244: '인수': 'double'에서 'int'(으)로 변환하면서 데이터가 손실될 수 있습니다.
c:\users\sakoe\desktop\강의자료\c++_6_오목_파일입출력_오목(replay)\오목(replay)정답\consoleapplication1\playmanager.cpp(235): warning C4244: '인수': 'double'에서 'int'(으)로 변환하면서 데이터가 손실될 수 있습니다.
c:\users\sakoe\desktop\강의자료\c++_6_오목_파일입출력_오목(replay)\오목(replay)정답\consoleapplication1\playmanager.cpp(244): warning C4996: 'getch': The POSIX name for this item is deprecated. Instead, use the ISO C and C++ conformant name: _getch. See online help for details.
  c:\program files (x86)\windows kits\10\include\10.0.17763.0\ucrt\conio.h(453): note: 'getch' 선언을 참조하십시오.
c:\users\sakoe\desktop\강의자료\c++_6_오목_파일입출력_오목(replay)\오목(replay)정답\consoleapplication1\playmanager.cpp(266): warning C4996: 'getch': The POSIX name for this item is deprecated. Instead, use the ISO C and C++ conformant name: _getch. See online help for details.
  c:\program files (x86)\windows kits\10\include\10.0.17763.0\ucrt\conio.h(453): note: 'getch' 선언을 참조하십시오.
c:\users\sakoe\desktop\강의자료\c++_6_오목_파일입출력_오목(replay)\오목(replay)정답\consoleapplication1\playmanager.cpp(309): warning C4996: 'sprintf': This function or variable may be unsafe. Consider using sprintf_s instead. To disable deprecation, use _CRT_SECURE_NO_WARNINGS. See online help for details.
  c:\program files (x86)\windows kits\10\include\10.0.17763.0\ucrt\stdio.h(1774): note: 'sprintf' 선언을 참조하십시오.
c:\users\sakoe\desktop\강의자료\c++_6_오목_파일입출력_오목(replay)\오목(replay)정답\consoleapplication1\playmanager.cpp(311): warning C4996: 'sprintf': This function or variable may be unsafe. Consider using sprintf_s instead. To disable deprecation, use _CRT_SECURE_NO_WARNINGS. See online help for details.
  c:\program files (x86)\windows kits\10\include\10.0.17763.0\ucrt\stdio.h(1774): note: 'sprintf' 선언을 참조하십시오.
c:\users\sakoe\desktop\강의자료\c++_6_오목_파일입출력_오목(replay)\오목(replay)정답\consoleapplication1\playmanager.cpp(314): warning C4996: 'getch': The POSIX name for this item is deprecated. Instead, use the ISO C and C++ conformant name: _getch. See online help for details.
  c:\program files (x86)\windows kits\10\include\10.0.17763.0\ucrt\conio.h(453): note: 'getch' 선언을 참조하십시오.
c:\users\sakoe\desktop\강의자료\c++_6_오목_파일입출력_오목(replay)\오목(replay)정답\consoleapplication1\playmanager.cpp(386): warning C4244: '인수': 'double'에서 'int'(으)로 변환하면서 데이터가 손실될 수 있습니다.
c:\users\sakoe\desktop\강의자료\c++_6_오목_파일입출력_오목(replay)\오목(replay)정답\consoleapplication1\playmanager.cpp(387): warning C4244: '인수': 'double'에서 'int'(으)로 변환하면서 데이터가 손실될 수 있습니다.
c:\users\sakoe\desktop\강의자료\c++_6_오목_파일입출력_오목(replay)\오목(replay)정답\consoleapplication1\playmanager.cpp(390): warning C4244: '인수': 'double'에서 'int'(으)로 변환하면서 데이터가 손실될 수 있습니다.
c:\users\sakoe\desktop\강의자료\c++_6_오목_파일입출력_오목(replay)\오목(replay)정답\consoleapplication1\playmanager.cpp(399): warning C4244: '인수': 'double'에서 'int'(으)로 변환하면서 데이터가 손실될 수 있습니다.
c:\users\sakoe\desktop\강의자료\c++_6_오목_파일입출력_오목(replay)\오목(replay)정답\consoleapplication1\playmanager.cpp(401): warning C4244: '인수': 'double'에서 'int'(으)로 변환하면서 데이터가 손실될 수 있습니다.
c:\users\sakoe\desktop\강의자료\c++_6_오목_파일입출력_오목(replay)\오목(replay)정답\consoleapplication1\playmanager.cpp(403): warning C4244: '인수': 'double'에서 'int'(으)로 변환하면서 데이터가 손실될 수 있습니다.
  소스.cpp
c:\users\sakoe\desktop\강의자료\c++_6_오목_파일입출력_오목(replay)\오목(replay)정답\consoleapplication1\mapdraw.h(19): warning C4838: 'int'에서 'SHORT'(으)로의 변환에는 축소 변환이 필요합니다.
  코드를 생성하고 있습니다...
  ConsoleApplication1.vcxproj -> C:\Users\sakoe\Desktop\강의자료\C++_6_오목_파일입출력_오목(Replay)\오목(Replay)정답\Debug\ConsoleApplication1.exe
