  Animation.cpp
c:\users\sakoe\desktop\suchanpark\battle city\battle city\animation.cpp(35): warning C4267: '=': 'size_t'에서 'int'(으)로 변환하면서 데이터가 손실될 수 있습니다.
c:\users\sakoe\desktop\suchanpark\battle city\battle city\animation.cpp(45): warning C4267: '=': 'size_t'에서 'int'(으)로 변환하면서 데이터가 손실될 수 있습니다.
c:\users\sakoe\desktop\suchanpark\battle city\battle city\animation.cpp(61): warning C4244: '인수': 'LONG'에서 'float'(으)로 변환하면서 데이터가 손실될 수 있습니다.
  BitMap.cpp
c:\users\sakoe\desktop\suchanpark\battle city\battle city\bitmap.cpp(19): error C2065: 'Limage': 선언되지 않은 식별자입니다.
c:\users\sakoe\desktop\suchanpark\battle city\battle city\bitmap.cpp(19): error C2660: 'LoadImageW': 함수는 5개의 매개 변수를 사용하지 않습니다.
  c:\program files (x86)\windows kits\10\include\10.0.17763.0\um\winuser.h(10560): note: 'LoadImageW' 선언을 참조하십시오.
c:\users\sakoe\desktop\suchanpark\battle city\battle city\bitmap.cpp(43): warning C4244: '인수': 'float'에서 'int'(으)로 변환하면서 데이터가 손실될 수 있습니다.
  Block.cpp
c:\users\sakoe\desktop\suchanpark\battle city\battle city\block.cpp(15): warning C4244: '=': 'float'에서 'LONG'(으)로 변환하면서 데이터가 손실될 수 있습니다.
c:\users\sakoe\desktop\suchanpark\battle city\battle city\block.cpp(16): warning C4244: '=': 'float'에서 'LONG'(으)로 변환하면서 데이터가 손실될 수 있습니다.
c:\users\sakoe\desktop\suchanpark\battle city\battle city\block.cpp(103): warning C4244: '=': 'float'에서 'LONG'(으)로 변환하면서 데이터가 손실될 수 있습니다.
c:\users\sakoe\desktop\suchanpark\battle city\battle city\block.cpp(132): warning C4244: '=': 'float'에서 'LONG'(으)로 변환하면서 데이터가 손실될 수 있습니다.
c:\users\sakoe\desktop\suchanpark\battle city\battle city\block.cpp(142): warning C4244: '=': 'float'에서 'LONG'(으)로 변환하면서 데이터가 손실될 수 있습니다.
c:\users\sakoe\desktop\suchanpark\battle city\battle city\block.cpp(158): warning C4244: '=': 'float'에서 'LONG'(으)로 변환하면서 데이터가 손실될 수 있습니다.
c:\users\sakoe\desktop\suchanpark\battle city\battle city\block.cpp(160): warning C4244: '=': 'float'에서 'LONG'(으)로 변환하면서 데이터가 손실될 수 있습니다.
c:\users\sakoe\desktop\suchanpark\battle city\battle city\block.cpp(161): warning C4244: '=': 'float'에서 'LONG'(으)로 변환하면서 데이터가 손실될 수 있습니다.
c:\users\sakoe\desktop\suchanpark\battle city\battle city\block.cpp(162): warning C4244: '=': 'float'에서 'LONG'(으)로 변환하면서 데이터가 손실될 수 있습니다.
c:\users\sakoe\desktop\suchanpark\battle city\battle city\block.cpp(177): warning C4244: '=': 'float'에서 'LONG'(으)로 변환하면서 데이터가 손실될 수 있습니다.
c:\users\sakoe\desktop\suchanpark\battle city\battle city\block.cpp(178): warning C4244: '=': 'float'에서 'LONG'(으)로 변환하면서 데이터가 손실될 수 있습니다.
c:\users\sakoe\desktop\suchanpark\battle city\battle city\block.cpp(179): warning C4244: '=': 'float'에서 'LONG'(으)로 변환하면서 데이터가 손실될 수 있습니다.
c:\users\sakoe\desktop\suchanpark\battle city\battle city\block.cpp(184): warning C4244: '=': 'float'에서 'LONG'(으)로 변환하면서 데이터가 손실될 수 있습니다.
c:\users\sakoe\desktop\suchanpark\battle city\battle city\block.cpp(185): warning C4244: '=': 'float'에서 'LONG'(으)로 변환하면서 데이터가 손실될 수 있습니다.
c:\users\sakoe\desktop\suchanpark\battle city\battle city\block.cpp(186): warning C4244: '=': 'float'에서 'LONG'(으)로 변환하면서 데이터가 손실될 수 있습니다.
c:\users\sakoe\desktop\suchanpark\battle city\battle city\block.cpp(191): warning C4244: '=': 'float'에서 'LONG'(으)로 변환하면서 데이터가 손실될 수 있습니다.
c:\users\sakoe\desktop\suchanpark\battle city\battle city\block.cpp(192): warning C4244: '=': 'float'에서 'LONG'(으)로 변환하면서 데이터가 손실될 수 있습니다.
c:\users\sakoe\desktop\suchanpark\battle city\battle city\block.cpp(193): warning C4244: '=': 'float'에서 'LONG'(으)로 변환하면서 데이터가 손실될 수 있습니다.
c:\users\sakoe\desktop\suchanpark\battle city\battle city\block.cpp(214): warning C4244: '=': 'float'에서 'LONG'(으)로 변환하면서 데이터가 손실될 수 있습니다.
c:\users\sakoe\desktop\suchanpark\battle city\battle city\block.cpp(215): warning C4244: '=': 'float'에서 'LONG'(으)로 변환하면서 데이터가 손실될 수 있습니다.
c:\users\sakoe\desktop\suchanpark\battle city\battle city\block.cpp(216): warning C4244: '=': 'float'에서 'LONG'(으)로 변환하면서 데이터가 손실될 수 있습니다.
c:\users\sakoe\desktop\suchanpark\battle city\battle city\block.cpp(217): warning C4244: '=': 'float'에서 'LONG'(으)로 변환하면서 데이터가 손실될 수 있습니다.
c:\users\sakoe\desktop\suchanpark\battle city\battle city\block.cpp(218): warning C4244: '=': 'float'에서 'LONG'(으)로 변환하면서 데이터가 손실될 수 있습니다.
c:\users\sakoe\desktop\suchanpark\battle city\battle city\block.cpp(223): warning C4244: '=': 'float'에서 'LONG'(으)로 변환하면서 데이터가 손실될 수 있습니다.
c:\users\sakoe\desktop\suchanpark\battle city\battle city\block.cpp(224): warning C4244: '=': 'float'에서 'LONG'(으)로 변환하면서 데이터가 손실될 수 있습니다.
c:\users\sakoe\desktop\suchanpark\battle city\battle city\block.cpp(225): warning C4244: '=': 'float'에서 'LONG'(으)로 변환하면서 데이터가 손실될 수 있습니다.
c:\users\sakoe\desktop\suchanpark\battle city\battle city\block.cpp(226): warning C4244: '=': 'float'에서 'LONG'(으)로 변환하면서 데이터가 손실될 수 있습니다.
c:\users\sakoe\desktop\suchanpark\battle city\battle city\block.cpp(227): warning C4244: '=': 'float'에서 'LONG'(으)로 변환하면서 데이터가 손실될 수 있습니다.
c:\users\sakoe\desktop\suchanpark\battle city\battle city\block.cpp(239): warning C4244: '=': 'float'에서 'LONG'(으)로 변환하면서 데이터가 손실될 수 있습니다.
c:\users\sakoe\desktop\suchanpark\battle city\battle city\block.cpp(240): warning C4244: '=': 'float'에서 'LONG'(으)로 변환하면서 데이터가 손실될 수 있습니다.
c:\users\sakoe\desktop\suchanpark\battle city\battle city\block.cpp(241): warning C4244: '=': 'float'에서 'LONG'(으)로 변환하면서 데이터가 손실될 수 있습니다.
c:\users\sakoe\desktop\suchanpark\battle city\battle city\block.cpp(242): warning C4244: '=': 'float'에서 'LONG'(으)로 변환하면서 데이터가 손실될 수 있습니다.
c:\users\sakoe\desktop\suchanpark\battle city\battle city\block.cpp(243): warning C4244: '=': 'float'에서 'LONG'(으)로 변환하면서 데이터가 손실될 수 있습니다.
  CollisionManager.cpp
c:\users\sakoe\desktop\suchanpark\battle city\battle city\collisionmanager.cpp(3): warning C4356: 'Singleton<CollisionManager>::m_pThis': 정적 데이터 멤버는 파생 클래스를 통해 초기화할 수 없습니다.
  EditScene.cpp
c:\users\sakoe\desktop\suchanpark\battle city\battle city\editscene.cpp(21): warning C4244: '인수': 'float'에서 'int'(으)로 변환하면서 데이터가 손실될 수 있습니다.
c:\users\sakoe\desktop\suchanpark\battle city\battle city\editscene.cpp(23): warning C4244: '인수': 'float'에서 'int'(으)로 변환하면서 데이터가 손실될 수 있습니다.
c:\users\sakoe\desktop\suchanpark\battle city\battle city\editscene.cpp(45): warning C4244: '인수': 'float'에서 'int'(으)로 변환하면서 데이터가 손실될 수 있습니다.
c:\users\sakoe\desktop\suchanpark\battle city\battle city\editscene.cpp(53): warning C4244: '=': 'float'에서 'LONG'(으)로 변환하면서 데이터가 손실될 수 있습니다.
c:\users\sakoe\desktop\suchanpark\battle city\battle city\editscene.cpp(55): warning C4244: '=': 'float'에서 'LONG'(으)로 변환하면서 데이터가 손실될 수 있습니다.
c:\users\sakoe\desktop\suchanpark\battle city\battle city\editscene.cpp(57): warning C4244: '=': 'float'에서 'LONG'(으)로 변환하면서 데이터가 손실될 수 있습니다.
c:\users\sakoe\desktop\suchanpark\battle city\battle city\editscene.cpp(59): warning C4244: '=': 'float'에서 'LONG'(으)로 변환하면서 데이터가 손실될 수 있습니다.
c:\users\sakoe\desktop\suchanpark\battle city\battle city\editscene.cpp(67): warning C4244: '=': 'float'에서 'LONG'(으)로 변환하면서 데이터가 손실될 수 있습니다.
c:\users\sakoe\desktop\suchanpark\battle city\battle city\editscene.cpp(69): warning C4244: '=': 'float'에서 'LONG'(으)로 변환하면서 데이터가 손실될 수 있습니다.
c:\users\sakoe\desktop\suchanpark\battle city\battle city\editscene.cpp(74): warning C4244: '=': 'float'에서 'LONG'(으)로 변환하면서 데이터가 손실될 수 있습니다.
c:\users\sakoe\desktop\suchanpark\battle city\battle city\editscene.cpp(75): warning C4244: '=': 'float'에서 'LONG'(으)로 변환하면서 데이터가 손실될 수 있습니다.
c:\users\sakoe\desktop\suchanpark\battle city\battle city\editscene.cpp(76): warning C4244: '=': 'float'에서 'LONG'(으)로 변환하면서 데이터가 손실될 수 있습니다.
c:\users\sakoe\desktop\suchanpark\battle city\battle city\editscene.cpp(77): warning C4244: '=': 'float'에서 'LONG'(으)로 변환하면서 데이터가 손실될 수 있습니다.
c:\users\sakoe\desktop\suchanpark\battle city\battle city\editscene.cpp(79): warning C4244: '=': 'float'에서 'LONG'(으)로 변환하면서 데이터가 손실될 수 있습니다.
c:\users\sakoe\desktop\suchanpark\battle city\battle city\editscene.cpp(80): warning C4244: '=': 'float'에서 'LONG'(으)로 변환하면서 데이터가 손실될 수 있습니다.
c:\users\sakoe\desktop\suchanpark\battle city\battle city\editscene.cpp(81): warning C4244: '=': 'float'에서 'LONG'(으)로 변환하면서 데이터가 손실될 수 있습니다.
c:\users\sakoe\desktop\suchanpark\battle city\battle city\editscene.cpp(82): warning C4244: '=': 'float'에서 'LONG'(으)로 변환하면서 데이터가 손실될 수 있습니다.
c:\users\sakoe\desktop\suchanpark\battle city\battle city\editscene.cpp(112): error C2440: '=': 'const char [17]'에서 'LPCWSTR'(으)로 변환할 수 없습니다.
  c:\users\sakoe\desktop\suchanpark\battle city\battle city\editscene.cpp(112): note: 가리킨 형식이 관련이 없습니다. 변환하려면 reinterpret_cast, C 스타일 캐스트 또는 함수 스타일 캐스트가 필요합니다.
c:\users\sakoe\desktop\suchanpark\battle city\battle city\editscene.cpp(113): error C2440: '=': 'char [260]'에서 'LPWSTR'(으)로 변환할 수 없습니다.
  c:\users\sakoe\desktop\suchanpark\battle city\battle city\editscene.cpp(113): note: 가리킨 형식이 관련이 없습니다. 변환하려면 reinterpret_cast, C 스타일 캐스트 또는 함수 스타일 캐스트가 필요합니다.
c:\users\sakoe\desktop\suchanpark\battle city\battle city\editscene.cpp(114): error C2440: '=': 'const char [5]'에서 'LPCWSTR'(으)로 변환할 수 없습니다.
  c:\users\sakoe\desktop\suchanpark\battle city\battle city\editscene.cpp(114): note: 가리킨 형식이 관련이 없습니다. 변환하려면 reinterpret_cast, C 스타일 캐스트 또는 함수 스타일 캐스트가 필요합니다.
c:\users\sakoe\desktop\suchanpark\battle city\battle city\editscene.cpp(116): error C2440: '=': 'const char [19]'에서 'LPCWSTR'(으)로 변환할 수 없습니다.
  c:\users\sakoe\desktop\suchanpark\battle city\battle city\editscene.cpp(116): note: 가리킨 형식이 관련이 없습니다. 변환하려면 reinterpret_cast, C 스타일 캐스트 또는 함수 스타일 캐스트가 필요합니다.
c:\users\sakoe\desktop\suchanpark\battle city\battle city\editscene.cpp(119): error C2664: 'int wsprintfW(LPWSTR,LPCWSTR,...)': 인수 1을(를) 'char [300]'에서 'LPWSTR'(으)로 변환할 수 없습니다.
  c:\users\sakoe\desktop\suchanpark\battle city\battle city\editscene.cpp(119): note: 가리킨 형식이 관련이 없습니다. 변환하려면 reinterpret_cast, C 스타일 캐스트 또는 함수 스타일 캐스트가 필요합니다.
c:\users\sakoe\desktop\suchanpark\battle city\battle city\editscene.cpp(120): error C2664: 'void EditScene::Save(std::string,int)': 인수 1을(를) 'LPWSTR'에서 'std::string'(으)로 변환할 수 없습니다.
  c:\users\sakoe\desktop\suchanpark\battle city\battle city\editscene.cpp(120): note: 소스 형식을 가져올 수 있는 생성자가 없거나 생성자 오버로드 확인이 모호합니다.
c:\users\sakoe\desktop\suchanpark\battle city\battle city\editscene.cpp(121): error C2664: 'int MessageBoxW(HWND,LPCWSTR,LPCWSTR,UINT)': 인수 2을(를) 'char [300]'에서 'LPCWSTR'(으)로 변환할 수 없습니다.
  c:\users\sakoe\desktop\suchanpark\battle city\battle city\editscene.cpp(121): note: 가리킨 형식이 관련이 없습니다. 변환하려면 reinterpret_cast, C 스타일 캐스트 또는 함수 스타일 캐스트가 필요합니다.
c:\users\sakoe\desktop\suchanpark\battle city\battle city\editscene.cpp(135): error C2440: '=': 'const char [17]'에서 'LPCWSTR'(으)로 변환할 수 없습니다.
  c:\users\sakoe\desktop\suchanpark\battle city\battle city\editscene.cpp(135): note: 가리킨 형식이 관련이 없습니다. 변환하려면 reinterpret_cast, C 스타일 캐스트 또는 함수 스타일 캐스트가 필요합니다.
c:\users\sakoe\desktop\suchanpark\battle city\battle city\editscene.cpp(136): error C2440: '=': 'char [260]'에서 'LPWSTR'(으)로 변환할 수 없습니다.
  c:\users\sakoe\desktop\suchanpark\battle city\battle city\editscene.cpp(136): note: 가리킨 형식이 관련이 없습니다. 변환하려면 reinterpret_cast, C 스타일 캐스트 또는 함수 스타일 캐스트가 필요합니다.
c:\users\sakoe\desktop\suchanpark\battle city\battle city\editscene.cpp(138): error C2440: '=': 'const char [19]'에서 'LPCWSTR'(으)로 변환할 수 없습니다.
  c:\users\sakoe\desktop\suchanpark\battle city\battle city\editscene.cpp(138): note: 가리킨 형식이 관련이 없습니다. 변환하려면 reinterpret_cast, C 스타일 캐스트 또는 함수 스타일 캐스트가 필요합니다.
c:\users\sakoe\desktop\suchanpark\battle city\battle city\editscene.cpp(141): error C2664: 'int wsprintfW(LPWSTR,LPCWSTR,...)': 인수 1을(를) 'char [300]'에서 'LPWSTR'(으)로 변환할 수 없습니다.
  c:\users\sakoe\desktop\suchanpark\battle city\battle city\editscene.cpp(141): note: 가리킨 형식이 관련이 없습니다. 변환하려면 reinterpret_cast, C 스타일 캐스트 또는 함수 스타일 캐스트가 필요합니다.
c:\users\sakoe\desktop\suchanpark\battle city\battle city\editscene.cpp(142): error C2664: 'void EditScene::Load(std::string)': 인수 1을(를) 'LPWSTR'에서 'std::string'(으)로 변환할 수 없습니다.
  c:\users\sakoe\desktop\suchanpark\battle city\battle city\editscene.cpp(142): note: 소스 형식을 가져올 수 있는 생성자가 없거나 생성자 오버로드 확인이 모호합니다.
c:\users\sakoe\desktop\suchanpark\battle city\battle city\editscene.cpp(143): error C2664: 'int MessageBoxW(HWND,LPCWSTR,LPCWSTR,UINT)': 인수 2을(를) 'char [300]'에서 'LPCWSTR'(으)로 변환할 수 없습니다.
  c:\users\sakoe\desktop\suchanpark\battle city\battle city\editscene.cpp(143): note: 가리킨 형식이 관련이 없습니다. 변환하려면 reinterpret_cast, C 스타일 캐스트 또는 함수 스타일 캐스트가 필요합니다.
c:\users\sakoe\desktop\suchanpark\battle city\battle city\editscene.cpp(199): warning C4244: '인수': 'float'에서 'int'(으)로 변환하면서 데이터가 손실될 수 있습니다.
c:\users\sakoe\desktop\suchanpark\battle city\battle city\editscene.cpp(198): warning C4244: '인수': 'float'에서 'int'(으)로 변환하면서 데이터가 손실될 수 있습니다.
c:\users\sakoe\desktop\suchanpark\battle city\battle city\editscene.cpp(197): warning C4244: '인수': 'float'에서 'int'(으)로 변환하면서 데이터가 손실될 수 있습니다.
c:\users\sakoe\desktop\suchanpark\battle city\battle city\editscene.cpp(196): warning C4244: '인수': 'float'에서 'int'(으)로 변환하면서 데이터가 손실될 수 있습니다.
c:\users\sakoe\desktop\suchanpark\battle city\battle city\editscene.cpp(205): warning C4244: '인수': 'float'에서 'int'(으)로 변환하면서 데이터가 손실될 수 있습니다.
c:\users\sakoe\desktop\suchanpark\battle city\battle city\editscene.cpp(204): warning C4244: '인수': 'float'에서 'int'(으)로 변환하면서 데이터가 손실될 수 있습니다.
c:\users\sakoe\desktop\suchanpark\battle city\battle city\editscene.cpp(218): warning C4244: '인수': 'float'에서 'int'(으)로 변환하면서 데이터가 손실될 수 있습니다.
c:\users\sakoe\desktop\suchanpark\battle city\battle city\editscene.cpp(216): warning C4244: '인수': 'float'에서 'int'(으)로 변환하면서 데이터가 손실될 수 있습니다.
c:\users\sakoe\desktop\suchanpark\battle city\battle city\editscene.cpp(229): warning C4244: '인수': 'float'에서 'int'(으)로 변환하면서 데이터가 손실될 수 있습니다.
c:\users\sakoe\desktop\suchanpark\battle city\battle city\editscene.cpp(234): warning C4244: '인수': 'float'에서 'int'(으)로 변환하면서 데이터가 손실될 수 있습니다.
c:\users\sakoe\desktop\suchanpark\battle city\battle city\editscene.cpp(235): warning C4244: '인수': 'float'에서 'int'(으)로 변환하면서 데이터가 손실될 수 있습니다.
c:\users\sakoe\desktop\suchanpark\battle city\battle city\editscene.cpp(259): error C2065: 'Lpath': 선언되지 않은 식별자입니다.
c:\users\sakoe\desktop\suchanpark\battle city\battle city\editscene.cpp(280): error C2065: 'Lpath': 선언되지 않은 식별자입니다.
c:\users\sakoe\desktop\suchanpark\battle city\battle city\editscene.cpp(295): warning C4267: '인수': 'size_t'에서 'DWORD'(으)로 변환하면서 데이터가 손실될 수 있습니다.
c:\users\sakoe\desktop\suchanpark\battle city\battle city\editscene.cpp(302): error C3861: 'L': 식별자를 찾을 수 없습니다.
c:\users\sakoe\desktop\suchanpark\battle city\battle city\editscene.cpp(341): error C3861: 'L': 식별자를 찾을 수 없습니다.
c:\users\sakoe\desktop\suchanpark\battle city\battle city\editscene.cpp(342): warning C4267: '인수': 'size_t'에서 'DWORD'(으)로 변환하면서 데이터가 손실될 수 있습니다.
  EffectManager.cpp
  Explosion.cpp
c:\users\sakoe\desktop\suchanpark\battle city\battle city\explosion.cpp(19): warning C4244: '=': 'float'에서 'LONG'(으)로 변환하면서 데이터가 손실될 수 있습니다.
  GameManager.cpp
c:\users\sakoe\desktop\suchanpark\battle city\battle city\gamemanager.cpp(88): error C2065: 'Lstr': 선언되지 않은 식별자입니다.
c:\users\sakoe\desktop\suchanpark\battle city\battle city\gamemanager.cpp(88): error C2660: 'MessageBoxW': 함수는 3개의 매개 변수를 사용하지 않습니다.
  c:\program files (x86)\windows kits\10\include\10.0.17763.0\um\winuser.h(8976): note: 'MessageBoxW' 선언을 참조하십시오.
  GameScene.cpp
c:\users\sakoe\desktop\suchanpark\battle city\battle city\gamescene.cpp(58): warning C4244: '인수': 'float'에서 'int'(으)로 변환하면서 데이터가 손실될 수 있습니다.
c:\users\sakoe\desktop\suchanpark\battle city\battle city\gamescene.cpp(61): warning C4244: '인수': 'float'에서 'int'(으)로 변환하면서 데이터가 손실될 수 있습니다.
c:\users\sakoe\desktop\suchanpark\battle city\battle city\gamescene.cpp(99): warning C4244: '인수': 'float'에서 'int'(으)로 변환하면서 데이터가 손실될 수 있습니다.
c:\users\sakoe\desktop\suchanpark\battle city\battle city\gamescene.cpp(100): warning C4244: '인수': 'float'에서 'int'(으)로 변환하면서 데이터가 손실될 수 있습니다.
c:\users\sakoe\desktop\suchanpark\battle city\battle city\gamescene.cpp(125): warning C4244: '인수': 'double'에서 'int'(으)로 변환하면서 데이터가 손실될 수 있습니다.
c:\users\sakoe\desktop\suchanpark\battle city\battle city\gamescene.cpp(124): warning C4244: '인수': 'double'에서 'int'(으)로 변환하면서 데이터가 손실될 수 있습니다.
c:\users\sakoe\desktop\suchanpark\battle city\battle city\gamescene.cpp(138): warning C4244: '인수': 'float'에서 'int'(으)로 변환하면서 데이터가 손실될 수 있습니다.
c:\users\sakoe\desktop\suchanpark\battle city\battle city\gamescene.cpp(137): warning C4244: '인수': 'double'에서 'int'(으)로 변환하면서 데이터가 손실될 수 있습니다.
c:\users\sakoe\desktop\suchanpark\battle city\battle city\gamescene.cpp(145): warning C4244: '=': 'float'에서 'LONG'(으)로 변환하면서 데이터가 손실될 수 있습니다.
c:\users\sakoe\desktop\suchanpark\battle city\battle city\gamescene.cpp(146): warning C4244: '=': 'float'에서 'LONG'(으)로 변환하면서 데이터가 손실될 수 있습니다.
c:\users\sakoe\desktop\suchanpark\battle city\battle city\gamescene.cpp(148): warning C4244: '=': 'float'에서 'LONG'(으)로 변환하면서 데이터가 손실될 수 있습니다.
c:\users\sakoe\desktop\suchanpark\battle city\battle city\gamescene.cpp(150): error C2065: 'Lstr': 선언되지 않은 식별자입니다.
c:\users\sakoe\desktop\suchanpark\battle city\battle city\gamescene.cpp(150): error C2660: 'DrawTextW': 함수는 4개의 매개 변수를 사용하지 않습니다.
  c:\program files (x86)\windows kits\10\include\10.0.17763.0\um\winuser.h(8022): note: 'DrawTextW' 선언을 참조하십시오.
c:\users\sakoe\desktop\suchanpark\battle city\battle city\gamescene.cpp(286): warning C4267: '인수': 'size_t'에서 'DWORD'(으)로 변환하면서 데이터가 손실될 수 있습니다.
c:\users\sakoe\desktop\suchanpark\battle city\battle city\gamescene.cpp(318): warning C4244: '=': 'float'에서 'LONG'(으)로 변환하면서 데이터가 손실될 수 있습니다.
c:\users\sakoe\desktop\suchanpark\battle city\battle city\gamescene.cpp(320): warning C4244: '=': 'float'에서 'LONG'(으)로 변환하면서 데이터가 손실될 수 있습니다.
c:\users\sakoe\desktop\suchanpark\battle city\battle city\gamescene.cpp(323): warning C4390: ';': 제어된 빈 문이 있습니다. 이 문이 필요합니까?
c:\users\sakoe\desktop\suchanpark\battle city\battle city\gamescene.cpp(368): error C3861: 'L': 식별자를 찾을 수 없습니다.
  InputManager.cpp
c:\users\sakoe\desktop\suchanpark\battle city\battle city\inputmanager.cpp(3): warning C4356: 'Singleton<InputManager>::m_pThis': 정적 데이터 멤버는 파생 클래스를 통해 초기화할 수 없습니다.
  main.cpp
  MenuScene.cpp
c:\users\sakoe\desktop\suchanpark\battle city\battle city\menuscene.cpp(29): warning C4244: '인수': 'float'에서 'int'(으)로 변환하면서 데이터가 손실될 수 있습니다.
c:\users\sakoe\desktop\suchanpark\battle city\battle city\menuscene.cpp(94): warning C4244: '인수': 'float'에서 'int'(으)로 변환하면서 데이터가 손실될 수 있습니다.
c:\users\sakoe\desktop\suchanpark\battle city\battle city\menuscene.cpp(96): warning C4244: '인수': 'float'에서 'int'(으)로 변환하면서 데이터가 손실될 수 있습니다.
c:\users\sakoe\desktop\suchanpark\battle city\battle city\menuscene.cpp(97): warning C4244: '인수': 'float'에서 'int'(으)로 변환하면서 데이터가 손실될 수 있습니다.
c:\users\sakoe\desktop\suchanpark\battle city\battle city\menuscene.cpp(98): warning C4244: '인수': 'float'에서 'int'(으)로 변환하면서 데이터가 손실될 수 있습니다.
  Player.cpp
c:\users\sakoe\desktop\suchanpark\battle city\battle city\player.cpp(59): warning C4244: '=': 'float'에서 'LONG'(으)로 변환하면서 데이터가 손실될 수 있습니다.
  Projectile.cpp
c:\users\sakoe\desktop\suchanpark\battle city\battle city\projectile.cpp(21): warning C4244: '인수': 'float'에서 'int'(으)로 변환하면서 데이터가 손실될 수 있습니다.
c:\users\sakoe\desktop\suchanpark\battle city\battle city\projectile.cpp(57): warning C4244: '=': 'float'에서 'LONG'(으)로 변환하면서 데이터가 손실될 수 있습니다.
c:\users\sakoe\desktop\suchanpark\battle city\battle city\projectile.cpp(58): warning C4244: '=': 'float'에서 'LONG'(으)로 변환하면서 데이터가 손실될 수 있습니다.
c:\users\sakoe\desktop\suchanpark\battle city\battle city\projectile.cpp(65): warning C4244: '=': 'float'에서 'LONG'(으)로 변환하면서 데이터가 손실될 수 있습니다.
c:\users\sakoe\desktop\suchanpark\battle city\battle city\projectile.cpp(66): warning C4244: '=': 'float'에서 'LONG'(으)로 변환하면서 데이터가 손실될 수 있습니다.
  ResourceManager.cpp
c:\users\sakoe\desktop\suchanpark\battle city\battle city\resourcemanager.cpp(3): warning C4356: 'Singleton<ResourceManager>::m_pThis': 정적 데이터 멤버는 파생 클래스를 통해 초기화할 수 없습니다.
  SceneManager.cpp
c:\users\sakoe\desktop\suchanpark\battle city\battle city\scenemanager.cpp(7): warning C4356: 'Singleton<SceneManager>::m_pThis': 정적 데이터 멤버는 파생 클래스를 통해 초기화할 수 없습니다.
  SmallExplosion.cpp
c:\users\sakoe\desktop\suchanpark\battle city\battle city\smallexplosion.cpp(19): warning C4244: '=': 'float'에서 'LONG'(으)로 변환하면서 데이터가 손실될 수 있습니다.
c:\users\sakoe\desktop\suchanpark\battle city\battle city\smallexplosion.cpp(20): warning C4244: '=': 'float'에서 'LONG'(으)로 변환하면서 데이터가 손실될 수 있습니다.
  Tank.cpp
c:\users\sakoe\desktop\suchanpark\battle city\battle city\tank.cpp(27): warning C4244: '=': 'float'에서 'LONG'(으)로 변환하면서 데이터가 손실될 수 있습니다.
c:\users\sakoe\desktop\suchanpark\battle city\battle city\tank.cpp(28): warning C4244: '=': 'float'에서 'LONG'(으)로 변환하면서 데이터가 손실될 수 있습니다.
c:\users\sakoe\desktop\suchanpark\battle city\battle city\tank.cpp(120): warning C4244: '=': 'float'에서 'LONG'(으)로 변환하면서 데이터가 손실될 수 있습니다.
  TimeManager.cpp
c:\users\sakoe\desktop\suchanpark\battle city\battle city\timemanager.cpp(3): warning C4356: 'Singleton<TimeManager>::m_pThis': 정적 데이터 멤버는 파생 클래스를 통해 초기화할 수 없습니다.
c:\users\sakoe\desktop\suchanpark\battle city\battle city\timemanager.cpp(17): warning C4018: '<': signed 또는 unsigned가 일치하지 않습니다.
  코드를 생성하고 있습니다...
