  Cash.cpp
c:\users\sakoe\desktop\suchanpark\circuscharlie\circuscharlie\cash.cpp(57): warning C4244: '인수': 'int'에서 'float'(으)로 변환하면서 데이터가 손실될 수 있습니다.
  Charlie.cpp
c:\users\sakoe\desktop\suchanpark\circuscharlie\circuscharlie\charlie.cpp(31): warning C4267: '=': 'size_t'에서 'int'(으)로 변환하면서 데이터가 손실될 수 있습니다.
c:\users\sakoe\desktop\suchanpark\circuscharlie\circuscharlie\charlie.cpp(35): warning C4267: '=': 'size_t'에서 'int'(으)로 변환하면서 데이터가 손실될 수 있습니다.
c:\users\sakoe\desktop\suchanpark\circuscharlie\circuscharlie\charlie.cpp(48): warning C4244: '=': 'float'에서 'LONG'(으)로 변환하면서 데이터가 손실될 수 있습니다.
c:\users\sakoe\desktop\suchanpark\circuscharlie\circuscharlie\charlie.cpp(77): warning C4244: '=': 'float'에서 'LONG'(으)로 변환하면서 데이터가 손실될 수 있습니다.
c:\users\sakoe\desktop\suchanpark\circuscharlie\circuscharlie\charlie.cpp(89): warning C4244: '-=': 'float'에서 'LONG'(으)로 변환하면서 데이터가 손실될 수 있습니다.
c:\users\sakoe\desktop\suchanpark\circuscharlie\circuscharlie\charlie.cpp(131): warning C4244: '=': 'float'에서 'LONG'(으)로 변환하면서 데이터가 손실될 수 있습니다.
c:\users\sakoe\desktop\suchanpark\circuscharlie\circuscharlie\charlie.cpp(132): warning C4244: '=': 'double'에서 'LONG'(으)로 변환하면서 데이터가 손실될 수 있습니다.
c:\users\sakoe\desktop\suchanpark\circuscharlie\circuscharlie\charlie.cpp(134): warning C4244: '=': 'float'에서 'LONG'(으)로 변환하면서 데이터가 손실될 수 있습니다.
c:\users\sakoe\desktop\suchanpark\circuscharlie\circuscharlie\charlie.cpp(136): warning C4244: '=': 'float'에서 'LONG'(으)로 변환하면서 데이터가 손실될 수 있습니다.
c:\users\sakoe\desktop\suchanpark\circuscharlie\circuscharlie\charlie.cpp(138): warning C4244: '=': 'float'에서 'LONG'(으)로 변환하면서 데이터가 손실될 수 있습니다.
c:\users\sakoe\desktop\suchanpark\circuscharlie\circuscharlie\charlie.cpp(139): warning C4244: '=': 'float'에서 'LONG'(으)로 변환하면서 데이터가 손실될 수 있습니다.
c:\users\sakoe\desktop\suchanpark\circuscharlie\circuscharlie\charlie.cpp(255): warning C4244: '인수': 'int'에서 'float'(으)로 변환하면서 데이터가 손실될 수 있습니다.
  CollisionManager.cpp
c:\users\sakoe\desktop\suchanpark\circuscharlie\circuscharlie\collisionmanager.cpp(3): warning C4356: 'Singleton<CollisionManager>::m_pThis': 정적 데이터 멤버는 파생 클래스를 통해 초기화할 수 없습니다.
  End.cpp
c:\users\sakoe\desktop\suchanpark\circuscharlie\circuscharlie\end.cpp(25): warning C4244: '=': 'float'에서 'LONG'(으)로 변환하면서 데이터가 손실될 수 있습니다.
c:\users\sakoe\desktop\suchanpark\circuscharlie\circuscharlie\end.cpp(26): warning C4244: '=': 'float'에서 'LONG'(으)로 변환하면서 데이터가 손실될 수 있습니다.
c:\users\sakoe\desktop\suchanpark\circuscharlie\circuscharlie\end.cpp(53): warning C4244: '인수': 'int'에서 'float'(으)로 변환하면서 데이터가 손실될 수 있습니다.
c:\users\sakoe\desktop\suchanpark\circuscharlie\circuscharlie\end.cpp(63): warning C4244: '=': 'float'에서 'LONG'(으)로 변환하면서 데이터가 손실될 수 있습니다.
  FireJar.cpp
c:\users\sakoe\desktop\suchanpark\circuscharlie\circuscharlie\firejar.cpp(31): warning C4267: '=': 'size_t'에서 'int'(으)로 변환하면서 데이터가 손실될 수 있습니다.
c:\users\sakoe\desktop\suchanpark\circuscharlie\circuscharlie\firejar.cpp(41): warning C4244: '=': 'float'에서 'LONG'(으)로 변환하면서 데이터가 손실될 수 있습니다.
c:\users\sakoe\desktop\suchanpark\circuscharlie\circuscharlie\firejar.cpp(42): warning C4244: '=': 'float'에서 'LONG'(으)로 변환하면서 데이터가 손실될 수 있습니다.
c:\users\sakoe\desktop\suchanpark\circuscharlie\circuscharlie\firejar.cpp(44): warning C4244: '인수': 'float'에서 'int'(으)로 변환하면서 데이터가 손실될 수 있습니다.
c:\users\sakoe\desktop\suchanpark\circuscharlie\circuscharlie\firejar.cpp(76): warning C4244: '인수': 'int'에서 'float'(으)로 변환하면서 데이터가 손실될 수 있습니다.
c:\users\sakoe\desktop\suchanpark\circuscharlie\circuscharlie\firejar.cpp(86): warning C4244: '=': 'float'에서 'LONG'(으)로 변환하면서 데이터가 손실될 수 있습니다.
c:\users\sakoe\desktop\suchanpark\circuscharlie\circuscharlie\firejar.cpp(88): warning C4244: '=': 'float'에서 'LONG'(으)로 변환하면서 데이터가 손실될 수 있습니다.
  FireRing.cpp
c:\users\sakoe\desktop\suchanpark\circuscharlie\circuscharlie\firering.cpp(29): warning C4267: '=': 'size_t'에서 'int'(으)로 변환하면서 데이터가 손실될 수 있습니다.
c:\users\sakoe\desktop\suchanpark\circuscharlie\circuscharlie\firering.cpp(34): warning C4267: '=': 'size_t'에서 'int'(으)로 변환하면서 데이터가 손실될 수 있습니다.
c:\users\sakoe\desktop\suchanpark\circuscharlie\circuscharlie\firering.cpp(42): warning C4244: '=': 'float'에서 'LONG'(으)로 변환하면서 데이터가 손실될 수 있습니다.
c:\users\sakoe\desktop\suchanpark\circuscharlie\circuscharlie\firering.cpp(54): warning C4244: '=': 'int'에서 'float'(으)로 변환하면서 데이터가 손실될 수 있습니다.
c:\users\sakoe\desktop\suchanpark\circuscharlie\circuscharlie\firering.cpp(58): warning C4244: '인수': 'float'에서 'int'(으)로 변환하면서 데이터가 손실될 수 있습니다.
c:\users\sakoe\desktop\suchanpark\circuscharlie\circuscharlie\firering.cpp(83): warning C4244: '=': 'float'에서 'LONG'(으)로 변환하면서 데이터가 손실될 수 있습니다.
c:\users\sakoe\desktop\suchanpark\circuscharlie\circuscharlie\firering.cpp(84): warning C4244: '=': 'float'에서 'LONG'(으)로 변환하면서 데이터가 손실될 수 있습니다.
c:\users\sakoe\desktop\suchanpark\circuscharlie\circuscharlie\firering.cpp(85): warning C4244: '=': 'float'에서 'LONG'(으)로 변환하면서 데이터가 손실될 수 있습니다.
c:\users\sakoe\desktop\suchanpark\circuscharlie\circuscharlie\firering.cpp(89): warning C4244: '=': 'float'에서 'LONG'(으)로 변환하면서 데이터가 손실될 수 있습니다.
c:\users\sakoe\desktop\suchanpark\circuscharlie\circuscharlie\firering.cpp(91): warning C4244: '=': 'float'에서 'LONG'(으)로 변환하면서 데이터가 손실될 수 있습니다.
c:\users\sakoe\desktop\suchanpark\circuscharlie\circuscharlie\firering.cpp(147): warning C4244: '=': 'float'에서 'LONG'(으)로 변환하면서 데이터가 손실될 수 있습니다.
c:\users\sakoe\desktop\suchanpark\circuscharlie\circuscharlie\firering.cpp(148): warning C4244: '=': 'float'에서 'LONG'(으)로 변환하면서 데이터가 손실될 수 있습니다.
c:\users\sakoe\desktop\suchanpark\circuscharlie\circuscharlie\firering.cpp(149): warning C4244: '=': 'float'에서 'LONG'(으)로 변환하면서 데이터가 손실될 수 있습니다.
c:\users\sakoe\desktop\suchanpark\circuscharlie\circuscharlie\firering.cpp(153): warning C4244: '=': 'float'에서 'LONG'(으)로 변환하면서 데이터가 손실될 수 있습니다.
c:\users\sakoe\desktop\suchanpark\circuscharlie\circuscharlie\firering.cpp(155): warning C4244: '=': 'float'에서 'LONG'(으)로 변환하면서 데이터가 손실될 수 있습니다.
c:\users\sakoe\desktop\suchanpark\circuscharlie\circuscharlie\firering.cpp(170): warning C4244: '=': 'float'에서 'LONG'(으)로 변환하면서 데이터가 손실될 수 있습니다.
c:\users\sakoe\desktop\suchanpark\circuscharlie\circuscharlie\firering.cpp(171): warning C4244: '=': 'float'에서 'LONG'(으)로 변환하면서 데이터가 손실될 수 있습니다.
c:\users\sakoe\desktop\suchanpark\circuscharlie\circuscharlie\firering.cpp(176): warning C4244: '인수': 'float'에서 'int'(으)로 변환하면서 데이터가 손실될 수 있습니다.
  GameManager.cpp
  GameMap.cpp
c:\users\sakoe\desktop\suchanpark\circuscharlie\circuscharlie\gamemap.cpp(36): warning C4244: '인수': 'int'에서 'float'(으)로 변환하면서 데이터가 손실될 수 있습니다.
c:\users\sakoe\desktop\suchanpark\circuscharlie\circuscharlie\gamemap.cpp(36): warning C4244: '인수': 'float'에서 'int'(으)로 변환하면서 데이터가 손실될 수 있습니다.
c:\users\sakoe\desktop\suchanpark\circuscharlie\circuscharlie\gamemap.cpp(40): warning C4244: '인수': 'int'에서 'float'(으)로 변환하면서 데이터가 손실될 수 있습니다.
c:\users\sakoe\desktop\suchanpark\circuscharlie\circuscharlie\gamemap.cpp(40): warning C4244: '인수': 'float'에서 'int'(으)로 변환하면서 데이터가 손실될 수 있습니다.
c:\users\sakoe\desktop\suchanpark\circuscharlie\circuscharlie\gamemap.cpp(44): warning C4244: '인수': 'int'에서 'float'(으)로 변환하면서 데이터가 손실될 수 있습니다.
c:\users\sakoe\desktop\suchanpark\circuscharlie\circuscharlie\gamemap.cpp(44): warning C4244: '인수': 'float'에서 'int'(으)로 변환하면서 데이터가 손실될 수 있습니다.
c:\users\sakoe\desktop\suchanpark\circuscharlie\circuscharlie\gamemap.cpp(49): warning C4244: '인수': 'float'에서 'int'(으)로 변환하면서 데이터가 손실될 수 있습니다.
c:\users\sakoe\desktop\suchanpark\circuscharlie\circuscharlie\gamemap.cpp(50): warning C4267: '인수': 'size_t'에서 'int'(으)로 변환하면서 데이터가 손실될 수 있습니다.
c:\users\sakoe\desktop\suchanpark\circuscharlie\circuscharlie\gamemap.cpp(50): warning C4244: '인수': 'float'에서 'int'(으)로 변환하면서 데이터가 손실될 수 있습니다.
c:\users\sakoe\desktop\suchanpark\circuscharlie\circuscharlie\gamemap.cpp(54): warning C4267: '=': 'size_t'에서 'int'(으)로 변환하면서 데이터가 손실될 수 있습니다.
c:\users\sakoe\desktop\suchanpark\circuscharlie\circuscharlie\gamemap.cpp(78): warning C4244: '인수': 'LONG'에서 'float'(으)로 변환하면서 데이터가 손실될 수 있습니다.
c:\users\sakoe\desktop\suchanpark\circuscharlie\circuscharlie\gamemap.cpp(78): warning C4244: '인수': 'float'에서 'int'(으)로 변환하면서 데이터가 손실될 수 있습니다.
  GameScene.cpp
  MenuMap.cpp
c:\users\sakoe\desktop\suchanpark\circuscharlie\circuscharlie\menumap.cpp(37): warning C4267: '=': 'size_t'에서 'int'(으)로 변환하면서 데이터가 손실될 수 있습니다.
c:\users\sakoe\desktop\suchanpark\circuscharlie\circuscharlie\menumap.cpp(92): warning C4244: '인수': 'float'에서 'int'(으)로 변환하면서 데이터가 손실될 수 있습니다.
c:\users\sakoe\desktop\suchanpark\circuscharlie\circuscharlie\menumap.cpp(100): warning C4244: '인수': 'float'에서 'int'(으)로 변환하면서 데이터가 손실될 수 있습니다.
c:\users\sakoe\desktop\suchanpark\circuscharlie\circuscharlie\menumap.cpp(108): warning C4244: '인수': 'float'에서 'int'(으)로 변환하면서 데이터가 손실될 수 있습니다.
  MenuScene.cpp
  SceneManager.cpp
  main.cpp
  코드를 생성하고 있습니다...
c:\users\sakoe\desktop\suchanpark\circuscharlie\circuscharlie\menuscene.cpp(45): warning C4715: 'MenuScene::Input': 모든 제어 경로에서 값을 반환하지는 않습니다.
  CircusCharlie.vcxproj -> C:\Users\sakoe\Desktop\SuChanPark\CircusCharlie\x64\Debug\CircusCharlie.exe
