  Draw.cpp
c:\users\sakoe\onedrive\바탕 화면\minesweeper\minesweeper\draw.h(27): warning C4838: 'int'에서 'SHORT'(으)로의 변환에는 축소 변환이 필요합니다.
c:\users\sakoe\onedrive\바탕 화면\minesweeper\minesweeper\draw.cpp(5): warning C4244: '인수': 'float'에서 'int'(으)로 변환하면서 데이터가 손실될 수 있습니다.
c:\users\sakoe\onedrive\바탕 화면\minesweeper\minesweeper\draw.cpp(6): warning C4244: '인수': 'float'에서 'int'(으)로 변환하면서 데이터가 손실될 수 있습니다.
c:\users\sakoe\onedrive\바탕 화면\minesweeper\minesweeper\draw.cpp(7): warning C4244: '인수': 'float'에서 'int'(으)로 변환하면서 데이터가 손실될 수 있습니다.
c:\users\sakoe\onedrive\바탕 화면\minesweeper\minesweeper\draw.cpp(8): warning C4244: '인수': 'float'에서 'int'(으)로 변환하면서 데이터가 손실될 수 있습니다.
c:\users\sakoe\onedrive\바탕 화면\minesweeper\minesweeper\draw.cpp(13): warning C4244: '인수': 'float'에서 'int'(으)로 변환하면서 데이터가 손실될 수 있습니다.
c:\users\sakoe\onedrive\바탕 화면\minesweeper\minesweeper\draw.cpp(14): warning C4244: '인수': 'float'에서 'int'(으)로 변환하면서 데이터가 손실될 수 있습니다.
c:\users\sakoe\onedrive\바탕 화면\minesweeper\minesweeper\draw.cpp(15): warning C4244: '인수': 'float'에서 'int'(으)로 변환하면서 데이터가 손실될 수 있습니다.
c:\users\sakoe\onedrive\바탕 화면\minesweeper\minesweeper\draw.cpp(16): warning C4244: '인수': 'float'에서 'int'(으)로 변환하면서 데이터가 손실될 수 있습니다.
c:\users\sakoe\onedrive\바탕 화면\minesweeper\minesweeper\draw.cpp(17): warning C4244: '인수': 'float'에서 'int'(으)로 변환하면서 데이터가 손실될 수 있습니다.
c:\users\sakoe\onedrive\바탕 화면\minesweeper\minesweeper\draw.cpp(22): warning C4244: '인수': 'float'에서 'int'(으)로 변환하면서 데이터가 손실될 수 있습니다.
c:\users\sakoe\onedrive\바탕 화면\minesweeper\minesweeper\draw.cpp(23): warning C4244: '인수': 'float'에서 'int'(으)로 변환하면서 데이터가 손실될 수 있습니다.
c:\users\sakoe\onedrive\바탕 화면\minesweeper\minesweeper\draw.cpp(24): warning C4244: '인수': 'float'에서 'int'(으)로 변환하면서 데이터가 손실될 수 있습니다.
c:\users\sakoe\onedrive\바탕 화면\minesweeper\minesweeper\draw.cpp(25): warning C4244: '인수': 'float'에서 'int'(으)로 변환하면서 데이터가 손실될 수 있습니다.
c:\users\sakoe\onedrive\바탕 화면\minesweeper\minesweeper\draw.cpp(26): warning C4244: '인수': 'float'에서 'int'(으)로 변환하면서 데이터가 손실될 수 있습니다.
c:\users\sakoe\onedrive\바탕 화면\minesweeper\minesweeper\draw.cpp(37): warning C4244: '인수': 'float'에서 'int'(으)로 변환하면서 데이터가 손실될 수 있습니다.
c:\users\sakoe\onedrive\바탕 화면\minesweeper\minesweeper\draw.cpp(94): warning C4996: 'getch': The POSIX name for this item is deprecated. Instead, use the ISO C and C++ conformant name: _getch. See online help for details.
  c:\program files (x86)\windows kits\10\include\10.0.17763.0\ucrt\conio.h(453): note: 'getch' 선언을 참조하십시오.
c:\users\sakoe\onedrive\바탕 화면\minesweeper\minesweeper\draw.cpp(152): warning C4018: '>': signed 또는 unsigned가 일치하지 않습니다.
  MineSweeper.vcxproj -> C:\Users\sakoe\OneDrive\바탕 화면\MineSweeper\Debug\MineSweeper.exe
