  Box.cpp
  Camera.cpp
  Character.cpp
d:\github\suchanpark\directx fbx\directx fbx\character.cpp(28): warning C4316: 'Box': 힙에 할당된 개체가 16에 맞추어져 있지 않을 수도 있습니다
d:\github\suchanpark\directx fbx\directx fbx\character.cpp(53): warning C4244: '초기화 중': 'FLOAT'에서 'int'(으)로 변환하면서 데이터가 손실될 수 있습니다.
d:\github\suchanpark\directx fbx\directx fbx\character.cpp(54): warning C4244: '초기화 중': 'FLOAT'에서 'int'(으)로 변환하면서 데이터가 손실될 수 있습니다.
d:\github\suchanpark\directx fbx\directx fbx\character.cpp(76): warning C4244: '=': 'LONG'에서 'FLOAT'(으)로 변환하면서 데이터가 손실될 수 있습니다.
d:\github\suchanpark\directx fbx\directx fbx\character.cpp(77): warning C4244: '=': 'LONG'에서 'FLOAT'(으)로 변환하면서 데이터가 손실될 수 있습니다.
  CRay.cpp
  FBXModelLoader.cpp
d:\github\suchanpark\directx fbx\directx fbx\fbxmodelloader.cpp(3): warning C4356: 'Singleton<FBXModelLoader>::m_pThis': 정적 데이터 멤버는 파생 클래스를 통해 초기화할 수 없습니다.
d:\github\suchanpark\directx fbx\directx fbx\fbxmodelloader.cpp(55): warning C4018: '<': signed 또는 unsigned가 일치하지 않습니다.
d:\github\suchanpark\directx fbx\directx fbx\fbxmodelloader.cpp(204): warning C4267: '=': 'size_t'에서 'WORD'(으)로 변환하면서 데이터가 손실될 수 있습니다.
d:\github\suchanpark\directx fbx\directx fbx\fbxmodelloader.cpp(207): warning C4267: '=': 'size_t'에서 'WORD'(으)로 변환하면서 데이터가 손실될 수 있습니다.
d:\github\suchanpark\directx fbx\directx fbx\fbxmodelloader.cpp(210): warning C4267: '=': 'size_t'에서 'WORD'(으)로 변환하면서 데이터가 손실될 수 있습니다.
  GameManager.cpp
  GameScene.cpp
d:\github\suchanpark\directx fbx\directx fbx\gamescene.cpp(22): warning C4316: 'Camera': 힙에 할당된 개체가 16에 맞추어져 있지 않을 수도 있습니다
d:\github\suchanpark\directx fbx\directx fbx\gamescene.cpp(23): warning C4316: 'Character': 힙에 할당된 개체가 16에 맞추어져 있지 않을 수도 있습니다
d:\github\suchanpark\directx fbx\directx fbx\gamescene.cpp(99): warning C4244: '=': 'unsigned long'에서 'WORD'(으)로 변환하면서 데이터가 손실될 수 있습니다.
d:\github\suchanpark\directx fbx\directx fbx\gamescene.cpp(100): warning C4244: '=': 'unsigned long'에서 'WORD'(으)로 변환하면서 데이터가 손실될 수 있습니다.
d:\github\suchanpark\directx fbx\directx fbx\gamescene.cpp(101): warning C4244: '=': 'unsigned long'에서 'WORD'(으)로 변환하면서 데이터가 손실될 수 있습니다.
d:\github\suchanpark\directx fbx\directx fbx\gamescene.cpp(106): warning C4244: '=': 'unsigned long'에서 'WORD'(으)로 변환하면서 데이터가 손실될 수 있습니다.
d:\github\suchanpark\directx fbx\directx fbx\gamescene.cpp(107): warning C4244: '=': 'unsigned long'에서 'WORD'(으)로 변환하면서 데이터가 손실될 수 있습니다.
d:\github\suchanpark\directx fbx\directx fbx\gamescene.cpp(108): warning C4244: '=': 'unsigned long'에서 'WORD'(으)로 변환하면서 데이터가 손실될 수 있습니다.
d:\github\suchanpark\directx fbx\directx fbx\singleton.h(11): warning C4316: 'FBXModelLoader': 힙에 할당된 개체가 16에 맞추어져 있지 않을 수도 있습니다
  d:\github\suchanpark\directx fbx\directx fbx\singleton.h(8): note: 클래스 템플릿 멤버 함수 'T *Singleton<T>::GetInstance(void)'을(를) 컴파일하고 있습니다.
          with
          [
              T=FBXModelLoader
          ]
  d:\github\suchanpark\directx fbx\directx fbx\gamescene.cpp(25): note: 컴파일 중인 함수 템플릿 인스턴스화 'T *Singleton<T>::GetInstance(void)'에 대한 참조를 확인하십시오.
          with
          [
              T=FBXModelLoader
          ]
  d:\github\suchanpark\directx fbx\directx fbx\fbxmodelloader.h(24): note: 컴파일 중인 클래스 템플릿 인스턴스화 'Singleton<FBXModelLoader>'에 대한 참조를 확인하세요.
  InputManager.cpp
d:\github\suchanpark\directx fbx\directx fbx\inputmanager.cpp(3): warning C4356: 'Singleton<InputManager>::m_pThis': 정적 데이터 멤버는 파생 클래스를 통해 초기화할 수 없습니다.
d:\github\suchanpark\directx fbx\directx fbx\inputmanager.cpp(34): warning C4018: '<': signed 또는 unsigned가 일치하지 않습니다.
d:\github\suchanpark\directx fbx\directx fbx\inputmanager.cpp(69): warning C4018: '<': signed 또는 unsigned가 일치하지 않습니다.
d:\github\suchanpark\directx fbx\directx fbx\inputmanager.cpp(82): warning C4018: '<': signed 또는 unsigned가 일치하지 않습니다.
d:\github\suchanpark\directx fbx\directx fbx\inputmanager.cpp(95): warning C4018: '<': signed 또는 unsigned가 일치하지 않습니다.
d:\github\suchanpark\directx fbx\directx fbx\inputmanager.cpp(108): warning C4018: '<': signed 또는 unsigned가 일치하지 않습니다.
  main.cpp
d:\github\suchanpark\directx fbx\directx fbx\main.cpp(12): warning C4316: 'GameScene': 힙에 할당된 개체가 16에 맞추어져 있지 않을 수도 있습니다
  Model.cpp
  SceneManager.cpp
d:\github\suchanpark\directx fbx\directx fbx\scenemanager.cpp(5): warning C4356: 'Singleton<SceneManager>::m_pThis': 정적 데이터 멤버는 파생 클래스를 통해 초기화할 수 없습니다.
d:\github\suchanpark\directx fbx\directx fbx\singleton.h(11): warning C4316: 'FBXModelLoader': 힙에 할당된 개체가 16에 맞추어져 있지 않을 수도 있습니다
  d:\github\suchanpark\directx fbx\directx fbx\singleton.h(8): note: 클래스 템플릿 멤버 함수 'T *Singleton<T>::GetInstance(void)'을(를) 컴파일하고 있습니다.
          with
          [
              T=FBXModelLoader
          ]
  d:\github\suchanpark\directx fbx\directx fbx\scenemanager.cpp(20): note: 컴파일 중인 함수 템플릿 인스턴스화 'T *Singleton<T>::GetInstance(void)'에 대한 참조를 확인하십시오.
          with
          [
              T=FBXModelLoader
          ]
  d:\github\suchanpark\directx fbx\directx fbx\fbxmodelloader.h(24): note: 컴파일 중인 클래스 템플릿 인스턴스화 'Singleton<FBXModelLoader>'에 대한 참조를 확인하세요.
  TimeManager.cpp
d:\github\suchanpark\directx fbx\directx fbx\timemanager.cpp(3): warning C4356: 'Singleton<TimeManager>::m_pThis': 정적 데이터 멤버는 파생 클래스를 통해 초기화할 수 없습니다.
d:\github\suchanpark\directx fbx\directx fbx\timemanager.cpp(17): warning C4018: '<': signed 또는 unsigned가 일치하지 않습니다.
  코드를 생성하고 있습니다...
  DirectX FBX.vcxproj -> D:\GitHub\SuChanPark\DirectX FBX\Debug\DirectX FBX.exe
